16:21:31.381 [main]INFO  stepDefinition.ElementsSteps - I_am_on_the_DemoQA_homepage method
16:21:31.386 [main]INFO  stepDefinition.ElementsSteps - Clicking on card: Forms
16:21:31.543 [main]INFO  stepDefinition.ElementsSteps - I_click_on_MenuItem: Practice Form
16:47:46.402 [main]INFO  utility.ConfigReader - Loaded config.properties successfully.
16:47:47.693 [main]INFO  hooks.Hooks - Test setup completed with browser: chrome
16:47:50.674 [main]INFO  stepDefinition.ElementsSteps - I_am_on_the_DemoQA_homepage method
16:47:50.676 [main]INFO  stepDefinition.ElementsSteps - Clicking on card: Alerts, Frame & Windows
16:47:50.814 [main]INFO  stepDefinition.ElementsSteps - I_click_on_MenuItem: Alerts
16:47:50.814 [main]INFO  Base.BasePage - Clicking on menu item: Alerts
16:47:51.256 [main]INFO  utility.DriverManager - WebDriver session quit successfully.
16:47:51.256 [main]INFO  hooks.Hooks - Test teardown completed. Browser closed.
16:47:52.026 [main]INFO  hooks.Hooks - Test setup completed with browser: chrome
16:47:54.851 [main]INFO  stepDefinition.ElementsSteps - I_am_on_the_DemoQA_homepage method
16:47:54.853 [main]INFO  stepDefinition.ElementsSteps - Clicking on card: Alerts, Frame & Windows
16:47:55.102 [main]INFO  stepDefinition.ElementsSteps - I_click_on_MenuItem: Alerts
16:47:55.102 [main]INFO  Base.BasePage - Clicking on menu item: Alerts
16:48:00.806 [main]INFO  utility.DriverManager - WebDriver session quit successfully.
16:48:00.806 [main]INFO  hooks.Hooks - Test teardown completed. Browser closed.
16:48:01.577 [main]INFO  hooks.Hooks - Test setup completed with browser: chrome
16:48:04.287 [main]INFO  stepDefinition.ElementsSteps - I_am_on_the_DemoQA_homepage method
16:48:04.288 [main]INFO  stepDefinition.ElementsSteps - Clicking on card: Alerts, Frame & Windows
16:48:04.470 [main]INFO  stepDefinition.ElementsSteps - I_click_on_MenuItem: Alerts
16:48:04.471 [main]INFO  Base.BasePage - Clicking on menu item: Alerts
16:48:05.297 [main]INFO  utility.DriverManager - WebDriver session quit successfully.
16:48:05.297 [main]INFO  hooks.Hooks - Test teardown completed. Browser closed.
16:48:05.942 [main]INFO  hooks.Hooks - Test setup completed with browser: chrome
16:48:08.643 [main]INFO  stepDefinition.ElementsSteps - I_am_on_the_DemoQA_homepage method
16:48:08.643 [main]INFO  stepDefinition.ElementsSteps - Clicking on card: Alerts, Frame & Windows
16:48:08.876 [main]INFO  stepDefinition.ElementsSteps - I_click_on_MenuItem: Alerts
16:48:08.876 [main]INFO  Base.BasePage - Clicking on menu item: Alerts
16:48:09.431 [main]INFO  utility.DriverManager - WebDriver session quit successfully.
16:48:09.431 [main]INFO  hooks.Hooks - Test teardown completed. Browser closed.
16:52:55.123 [main]INFO  utility.ConfigReader - Loaded config.properties successfully.
16:52:56.441 [main]INFO  hooks.Hooks - Test setup completed with browser: chrome
16:52:59.485 [main]INFO  stepDefinition.ElementsSteps - I_am_on_the_DemoQA_homepage method
16:52:59.488 [main]INFO  stepDefinition.ElementsSteps - Clicking on card: Alerts, Frame & Windows
16:52:59.733 [main]INFO  stepDefinition.ElementsSteps - I_click_on_MenuItem: Alerts
16:52:59.734 [main]INFO  Base.BasePage - Clicking on menu item: Alerts
16:53:00.599 [main]INFO  utility.DriverManager - WebDriver session quit successfully.
16:53:00.599 [main]INFO  hooks.Hooks - Test teardown completed. Browser closed.
16:57:40.143 [main]INFO  utility.ConfigReader - Loaded config.properties successfully.
16:57:41.432 [main]INFO  hooks.Hooks - Test setup completed with browser: chrome
16:57:44.451 [main]INFO  stepDefinition.ElementsSteps - I_am_on_the_DemoQA_homepage method
16:57:44.452 [main]INFO  stepDefinition.ElementsSteps - Clicking on card: Alerts, Frame & Windows
16:57:44.666 [main]INFO  stepDefinition.ElementsSteps - I_click_on_MenuItem: Alerts
16:57:44.666 [main]INFO  Base.BasePage - Clicking on menu item: Alerts
16:57:45.113 [main]INFO  utility.DriverManager - WebDriver session quit successfully.
16:57:45.113 [main]INFO  hooks.Hooks - Test teardown completed. Browser closed.
16:57:45.865 [main]INFO  hooks.Hooks - Test setup completed with browser: chrome
16:57:48.562 [main]INFO  stepDefinition.ElementsSteps - I_am_on_the_DemoQA_homepage method
16:57:48.563 [main]INFO  stepDefinition.ElementsSteps - Clicking on card: Alerts, Frame & Windows
16:57:48.708 [main]INFO  stepDefinition.ElementsSteps - I_click_on_MenuItem: Alerts
16:57:48.708 [main]INFO  Base.BasePage - Clicking on menu item: Alerts
16:57:54.327 [main]INFO  utility.DriverManager - WebDriver session quit successfully.
16:57:54.327 [main]INFO  hooks.Hooks - Test teardown completed. Browser closed.
16:57:55.131 [main]INFO  hooks.Hooks - Test setup completed with browser: chrome
16:58:00.543 [main]INFO  stepDefinition.ElementsSteps - I_am_on_the_DemoQA_homepage method
16:58:00.545 [main]INFO  stepDefinition.ElementsSteps - Clicking on card: Alerts, Frame & Windows
16:58:00.735 [main]INFO  stepDefinition.ElementsSteps - I_click_on_MenuItem: Alerts
16:58:00.736 [main]INFO  Base.BasePage - Clicking on menu item: Alerts
16:58:01.553 [main]INFO  utility.DriverManager - WebDriver session quit successfully.
16:58:01.554 [main]INFO  hooks.Hooks - Test teardown completed. Browser closed.
16:58:02.230 [main]INFO  hooks.Hooks - Test setup completed with browser: chrome
16:58:04.626 [main]INFO  stepDefinition.ElementsSteps - I_am_on_the_DemoQA_homepage method
16:58:04.627 [main]INFO  stepDefinition.ElementsSteps - Clicking on card: Alerts, Frame & Windows
16:58:04.874 [main]INFO  stepDefinition.ElementsSteps - I_click_on_MenuItem: Alerts
16:58:04.875 [main]INFO  Base.BasePage - Clicking on menu item: Alerts
16:58:05.407 [main]INFO  utility.DriverManager - WebDriver session quit successfully.
16:58:05.408 [main]INFO  hooks.Hooks - Test teardown completed. Browser closed.
17:04:00.789 [main]INFO  utility.ConfigReader - Loaded config.properties successfully.
17:04:02.091 [main]INFO  hooks.Hooks - Test setup completed with browser: chrome
17:04:04.564 [main]INFO  stepDefinition.ElementsSteps - I_am_on_the_DemoQA_homepage method
17:04:04.566 [main]INFO  stepDefinition.ElementsSteps - Clicking on card: Alerts, Frame & Windows
17:04:04.745 [main]INFO  stepDefinition.ElementsSteps - I_click_on_MenuItem: Alerts
17:04:04.746 [main]INFO  Base.BasePage - Clicking on menu item: Alerts
17:04:05.269 [main]INFO  utility.DriverManager - WebDriver session quit successfully.
17:04:05.269 [main]INFO  hooks.Hooks - Test teardown completed. Browser closed.
17:04:06.062 [main]INFO  hooks.Hooks - Test setup completed with browser: chrome
17:04:08.535 [main]INFO  stepDefinition.ElementsSteps - I_am_on_the_DemoQA_homepage method
17:04:08.536 [main]INFO  stepDefinition.ElementsSteps - Clicking on card: Alerts, Frame & Windows
17:04:08.747 [main]INFO  stepDefinition.ElementsSteps - I_click_on_MenuItem: Alerts
17:04:08.747 [main]INFO  Base.BasePage - Clicking on menu item: Alerts
17:04:14.709 [main]INFO  utility.DriverManager - WebDriver session quit successfully.
17:04:14.709 [main]INFO  hooks.Hooks - Test teardown completed. Browser closed.
17:04:15.477 [main]INFO  hooks.Hooks - Test setup completed with browser: chrome
17:04:17.842 [main]INFO  stepDefinition.ElementsSteps - I_am_on_the_DemoQA_homepage method
17:04:17.844 [main]INFO  stepDefinition.ElementsSteps - Clicking on card: Alerts, Frame & Windows
17:04:18.050 [main]INFO  stepDefinition.ElementsSteps - I_click_on_MenuItem: Alerts
17:04:18.050 [main]INFO  Base.BasePage - Clicking on menu item: Alerts
17:04:19.054 [main]INFO  utility.DriverManager - WebDriver session quit successfully.
17:04:19.056 [main]INFO  hooks.Hooks - Test teardown completed. Browser closed.
17:04:19.815 [main]INFO  hooks.Hooks - Test setup completed with browser: chrome
17:04:22.373 [main]INFO  stepDefinition.ElementsSteps - I_am_on_the_DemoQA_homepage method
17:04:22.374 [main]INFO  stepDefinition.ElementsSteps - Clicking on card: Alerts, Frame & Windows
17:04:22.608 [main]INFO  stepDefinition.ElementsSteps - I_click_on_MenuItem: Alerts
17:04:22.608 [main]INFO  Base.BasePage - Clicking on menu item: Alerts
17:04:23.298 [main]INFO  utility.DriverManager - WebDriver session quit successfully.
17:04:23.298 [main]INFO  hooks.Hooks - Test teardown completed. Browser closed.
17:05:58.532 [main]INFO  utility.ConfigReader - Loaded config.properties successfully.
17:05:59.769 [main]INFO  hooks.Hooks - Test setup completed with browser: chrome
17:06:02.751 [main]INFO  stepDefinition.ElementsSteps - I_am_on_the_DemoQA_homepage method
17:06:02.753 [main]INFO  stepDefinition.ElementsSteps - Clicking on card: Alerts, Frame & Windows
17:06:02.921 [main]INFO  stepDefinition.ElementsSteps - I_click_on_MenuItem: Modal Dialogs
17:06:02.922 [main]INFO  Base.BasePage - Clicking on menu item: Modal Dialogs
17:06:03.530 [main]INFO  utility.DriverManager - WebDriver session quit successfully.
17:06:03.530 [main]INFO  hooks.Hooks - Test teardown completed. Browser closed.
17:06:04.270 [main]INFO  hooks.Hooks - Test setup completed with browser: chrome
17:06:07.834 [main]INFO  stepDefinition.ElementsSteps - I_am_on_the_DemoQA_homepage method
17:06:07.835 [main]INFO  stepDefinition.ElementsSteps - Clicking on card: Alerts, Frame & Windows
17:06:08.032 [main]INFO  stepDefinition.ElementsSteps - I_click_on_MenuItem: Modal Dialogs
17:06:08.032 [main]INFO  Base.BasePage - Clicking on menu item: Modal Dialogs
17:06:08.628 [main]INFO  utility.DriverManager - WebDriver session quit successfully.
17:06:08.628 [main]INFO  hooks.Hooks - Test teardown completed. Browser closed.
17:06:09.453 [main]INFO  hooks.Hooks - Test setup completed with browser: chrome
17:06:12.654 [main]INFO  stepDefinition.ElementsSteps - I_am_on_the_DemoQA_homepage method
17:06:12.655 [main]INFO  stepDefinition.ElementsSteps - Clicking on card: Alerts, Frame & Windows
17:06:12.831 [main]INFO  stepDefinition.ElementsSteps - I_click_on_MenuItem: Modal Dialogs
17:06:12.831 [main]INFO  Base.BasePage - Clicking on menu item: Modal Dialogs
17:06:13.664 [main]INFO  utility.DriverManager - WebDriver session quit successfully.
17:06:13.664 [main]INFO  hooks.Hooks - Test teardown completed. Browser closed.
17:06:59.115 [main]INFO  utility.ConfigReader - Loaded config.properties successfully.
17:07:00.360 [main]INFO  hooks.Hooks - Test setup completed with browser: chrome
17:07:03.429 [main]INFO  stepDefinition.ElementsSteps - I_am_on_the_DemoQA_homepage method
17:07:03.431 [main]INFO  stepDefinition.ElementsSteps - Clicking on card: Alerts, Frame & Windows
17:07:03.652 [main]INFO  stepDefinition.ElementsSteps - I_click_on_MenuItem: Browser Windows
17:07:03.652 [main]INFO  Base.BasePage - Clicking on menu item: Browser Windows
17:07:04.008 [main]INFO  utility.DriverManager - WebDriver session quit successfully.
17:07:04.008 [main]INFO  hooks.Hooks - Test teardown completed. Browser closed.
17:07:56.088 [main]INFO  stepDefinition.ElementsSteps - I_am_on_the_DemoQA_homepage method
17:07:56.103 [main]INFO  stepDefinition.ElementsSteps - Clicking on card: Forms
17:07:56.294 [main]INFO  stepDefinition.ElementsSteps - I_click_on_MenuItem: Practice Form
17:07:56.294 [main]INFO  Base.BasePage - Clicking on menu item: Practice Form
17:09:41.204 [main]INFO  stepDefinition.ElementsSteps - I_am_on_the_DemoQA_homepage method
17:09:41.216 [main]INFO  stepDefinition.ElementsSteps - Clicking on card: Forms
17:09:41.363 [main]INFO  stepDefinition.ElementsSteps - I_click_on_MenuItem: Practice Form
17:09:41.363 [main]INFO  Base.BasePage - Clicking on menu item: Practice Form
17:10:50.116 [main]INFO  utility.ConfigReader - Loaded config.properties successfully.
17:10:51.402 [main]INFO  hooks.Hooks - Test setup completed with browser: chrome
17:10:54.409 [main]INFO  stepDefinition.ElementsSteps - I_am_on_the_DemoQA_homepage method
17:10:54.412 [main]INFO  stepDefinition.ElementsSteps - Clicking on card: Widgets
17:10:54.584 [main]INFO  stepDefinition.ElementsSteps - I_click_on_MenuItem: Accordian
17:10:54.585 [main]INFO  Base.BasePage - Clicking on menu item: Accordian
17:10:56.624 [main]INFO  utility.DriverManager - WebDriver session quit successfully.
17:10:56.624 [main]INFO  hooks.Hooks - Test teardown completed. Browser closed.
17:13:50.820 [main]INFO  stepDefinition.ElementsSteps - I_am_on_the_DemoQA_homepage method
17:13:50.837 [main]INFO  stepDefinition.ElementsSteps - Clicking on card: Widgets
17:13:51.030 [main]INFO  stepDefinition.ElementsSteps - I_click_on_MenuItem: Accordian
17:13:51.030 [main]INFO  Base.BasePage - Clicking on menu item: Accordian
17:13:53.579 [main]INFO  stepDefinition.ElementsSteps - I_am_on_the_DemoQA_homepage method
17:13:53.581 [main]INFO  stepDefinition.ElementsSteps - Clicking on card: Widgets
17:13:53.910 [main]INFO  stepDefinition.ElementsSteps - I_click_on_MenuItem: Progress Bar
17:13:53.911 [main]INFO  Base.BasePage - Clicking on menu item: Progress Bar
17:14:10.679 [main]INFO  stepDefinition.ElementsSteps - I_am_on_the_DemoQA_homepage method
17:14:10.681 [main]INFO  stepDefinition.ElementsSteps - Clicking on card: Widgets
17:14:10.922 [main]INFO  stepDefinition.ElementsSteps - I_click_on_MenuItem: Slider
17:14:10.923 [main]INFO  Base.BasePage - Clicking on menu item: Slider
17:14:12.833 [main]INFO  stepDefinition.ElementsSteps - I_am_on_the_DemoQA_homepage method
17:14:12.835 [main]INFO  stepDefinition.ElementsSteps - Clicking on card: Widgets
17:14:13.145 [main]INFO  stepDefinition.ElementsSteps - I_click_on_MenuItem: Tabs
17:14:13.145 [main]INFO  Base.BasePage - Clicking on menu item: Tabs
17:36:43.277 [main]INFO  utility.ConfigReader - Loaded config.properties successfully.
17:36:45.560 [main]INFO  hooks.Hooks - Test setup completed with browser: chrome
17:36:48.052 [main]INFO  stepDefinition.ElementsSteps - I_am_on_the_DemoQA_homepage method
17:36:48.056 [main]INFO  stepDefinition.ElementsSteps - Clicking on card: Elements
17:36:48.433 [main]INFO  stepDefinition.ElementsSteps - I_click_on_MenuItem: Dynamic Properties
17:36:48.433 [main]INFO  Base.BasePage - Clicking on menu item: Dynamic Properties
17:36:54.386 [main]INFO  utility.DriverManager - WebDriver session quit successfully.
17:36:54.386 [main]INFO  hooks.Hooks - Test teardown completed. Browser closed.
17:36:55.479 [main]INFO  hooks.Hooks - Test setup completed with browser: chrome
17:36:58.592 [main]INFO  stepDefinition.ElementsSteps - I_am_on_the_DemoQA_homepage method
17:36:58.594 [main]INFO  stepDefinition.ElementsSteps - Clicking on card: Elements
17:36:58.976 [main]INFO  stepDefinition.ElementsSteps - I_click_on_MenuItem: Dynamic Properties
17:36:58.979 [main]INFO  Base.BasePage - Clicking on menu item: Dynamic Properties
17:37:04.810 [main]INFO  utility.DriverManager - WebDriver session quit successfully.
17:37:04.811 [main]INFO  hooks.Hooks - Test teardown completed. Browser closed.
17:37:05.899 [main]INFO  hooks.Hooks - Test setup completed with browser: chrome
17:37:09.777 [main]INFO  stepDefinition.ElementsSteps - I_am_on_the_DemoQA_homepage method
17:37:09.778 [main]INFO  stepDefinition.ElementsSteps - Clicking on card: Elements
17:37:10.123 [main]INFO  stepDefinition.ElementsSteps - I_click_on_MenuItem: Dynamic Properties
17:37:10.123 [main]INFO  Base.BasePage - Clicking on menu item: Dynamic Properties
17:37:15.787 [main]INFO  utility.DriverManager - WebDriver session quit successfully.
17:37:15.787 [main]INFO  hooks.Hooks - Test teardown completed. Browser closed.
17:52:54.364 [main]INFO  utility.ConfigReader - Loaded config.properties successfully.
17:52:56.191 [main]INFO  hooks.Hooks - Test setup completed with browser: chrome
17:52:58.862 [main]INFO  stepDefinition.ElementsSteps - I_am_on_the_DemoQA_homepage method
17:52:58.866 [main]INFO  stepDefinition.ElementsSteps - Clicking on card: Elements
17:52:59.209 [main]INFO  stepDefinition.ElementsSteps - I_click_on_MenuItem: Dynamic Properties
17:52:59.210 [main]INFO  Base.BasePage - Clicking on menu item: Dynamic Properties
17:53:05.318 [main]INFO  utility.DriverManager - WebDriver session quit successfully.
17:53:05.318 [main]INFO  hooks.Hooks - Test teardown completed. Browser closed.
17:53:06.482 [main]INFO  hooks.Hooks - Test setup completed with browser: chrome
17:53:09.131 [main]INFO  stepDefinition.ElementsSteps - I_am_on_the_DemoQA_homepage method
17:53:09.132 [main]INFO  stepDefinition.ElementsSteps - Clicking on card: Elements
17:53:09.370 [main]INFO  stepDefinition.ElementsSteps - I_click_on_MenuItem: Dynamic Properties
17:53:09.370 [main]INFO  Base.BasePage - Clicking on menu item: Dynamic Properties
17:53:09.696 [main]INFO  pages.DynamicProperties - Initial color: rgba(255, 255, 255, 1)
17:53:14.635 [main]INFO  pages.DynamicProperties - New color: rgba(247, 208, 212, 1)
17:53:14.934 [main]INFO  utility.DriverManager - WebDriver session quit successfully.
17:53:14.934 [main]INFO  hooks.Hooks - Test teardown completed. Browser closed.
17:53:15.895 [main]INFO  hooks.Hooks - Test setup completed with browser: chrome
17:53:18.458 [main]INFO  stepDefinition.ElementsSteps - I_am_on_the_DemoQA_homepage method
17:53:18.459 [main]INFO  stepDefinition.ElementsSteps - Clicking on card: Elements
17:53:18.694 [main]INFO  stepDefinition.ElementsSteps - I_click_on_MenuItem: Dynamic Properties
17:53:18.694 [main]INFO  Base.BasePage - Clicking on menu item: Dynamic Properties
17:53:19.274 [main]INFO  utility.DriverManager - WebDriver session quit successfully.
17:53:19.274 [main]INFO  hooks.Hooks - Test teardown completed. Browser closed.
17:55:32.246 [main]INFO  utility.ConfigReader - Loaded config.properties successfully.
17:55:33.880 [main]INFO  hooks.Hooks - Test setup completed with browser: chrome
17:55:36.630 [main]INFO  stepDefinition.ElementsSteps - I_am_on_the_DemoQA_homepage method
17:55:36.633 [main]INFO  stepDefinition.ElementsSteps - Clicking on card: Elements
17:55:36.931 [main]INFO  stepDefinition.ElementsSteps - I_click_on_MenuItem: Dynamic Properties
17:55:36.932 [main]INFO  Base.BasePage - Clicking on menu item: Dynamic Properties
17:55:42.950 [main]INFO  utility.DriverManager - WebDriver session quit successfully.
17:55:42.950 [main]INFO  hooks.Hooks - Test teardown completed. Browser closed.
17:55:44.041 [main]INFO  hooks.Hooks - Test setup completed with browser: chrome
17:55:46.611 [main]INFO  stepDefinition.ElementsSteps - I_am_on_the_DemoQA_homepage method
17:55:46.614 [main]INFO  stepDefinition.ElementsSteps - Clicking on card: Elements
17:55:46.855 [main]INFO  stepDefinition.ElementsSteps - I_click_on_MenuItem: Dynamic Properties
17:55:46.856 [main]INFO  Base.BasePage - Clicking on menu item: Dynamic Properties
17:55:47.117 [main]INFO  pages.DynamicProperties - Initial color: rgba(255, 255, 255, 1)
17:55:52.307 [main]INFO  pages.DynamicProperties - New color: rgba(220, 53, 69, 1)
17:55:52.572 [main]INFO  utility.DriverManager - WebDriver session quit successfully.
17:55:52.573 [main]INFO  hooks.Hooks - Test teardown completed. Browser closed.
17:55:53.559 [main]INFO  hooks.Hooks - Test setup completed with browser: chrome
17:55:56.530 [main]INFO  stepDefinition.ElementsSteps - I_am_on_the_DemoQA_homepage method
17:55:56.532 [main]INFO  stepDefinition.ElementsSteps - Clicking on card: Elements
17:55:56.876 [main]INFO  stepDefinition.ElementsSteps - I_click_on_MenuItem: Dynamic Properties
17:55:56.877 [main]INFO  Base.BasePage - Clicking on menu item: Dynamic Properties
17:55:57.541 [main]INFO  utility.DriverManager - WebDriver session quit successfully.
17:55:57.541 [main]INFO  hooks.Hooks - Test teardown completed. Browser closed.
17:59:00.732 [main]INFO  utility.ConfigReader - Loaded config.properties successfully.
17:59:02.374 [main]INFO  hooks.Hooks - Test setup completed with browser: chrome
17:59:05.126 [main]INFO  stepDefinition.ElementsSteps - I_am_on_the_DemoQA_homepage method
17:59:05.129 [main]INFO  stepDefinition.ElementsSteps - Clicking on card: Elements
17:59:05.512 [main]INFO  stepDefinition.ElementsSteps - I_click_on_MenuItem: Dynamic Properties
17:59:05.512 [main]INFO  Base.BasePage - Clicking on menu item: Dynamic Properties
17:59:11.548 [main]INFO  utility.DriverManager - WebDriver session quit successfully.
17:59:11.549 [main]INFO  hooks.Hooks - Test teardown completed. Browser closed.
17:59:12.749 [main]INFO  hooks.Hooks - Test setup completed with browser: chrome
17:59:15.835 [main]INFO  stepDefinition.ElementsSteps - I_am_on_the_DemoQA_homepage method
17:59:15.836 [main]INFO  stepDefinition.ElementsSteps - Clicking on card: Elements
17:59:16.123 [main]INFO  stepDefinition.ElementsSteps - I_click_on_MenuItem: Dynamic Properties
17:59:16.124 [main]INFO  Base.BasePage - Clicking on menu item: Dynamic Properties
17:59:16.493 [main]INFO  pages.DynamicProperties - Initial color: rgba(255, 255, 255, 1)
17:59:21.452 [main]INFO  pages.DynamicProperties - New color: rgba(241, 173, 180, 1)
17:59:21.761 [main]INFO  utility.DriverManager - WebDriver session quit successfully.
17:59:21.761 [main]INFO  hooks.Hooks - Test teardown completed. Browser closed.
17:59:22.870 [main]INFO  hooks.Hooks - Test setup completed with browser: chrome
17:59:25.723 [main]INFO  stepDefinition.ElementsSteps - I_am_on_the_DemoQA_homepage method
17:59:25.725 [main]INFO  stepDefinition.ElementsSteps - Clicking on card: Elements
17:59:25.996 [main]INFO  stepDefinition.ElementsSteps - I_click_on_MenuItem: Dynamic Properties
17:59:25.998 [main]INFO  Base.BasePage - Clicking on menu item: Dynamic Properties
17:59:26.853 [main]INFO  utility.DriverManager - WebDriver session quit successfully.
17:59:26.853 [main]INFO  hooks.Hooks - Test teardown completed. Browser closed.
18:01:38.546 [main]INFO  utility.ConfigReader - Loaded config.properties successfully.
18:01:40.229 [main]INFO  hooks.Hooks - Test setup completed with browser: chrome
18:01:43.245 [main]INFO  stepDefinition.ElementsSteps - I_am_on_the_DemoQA_homepage method
18:01:43.248 [main]INFO  stepDefinition.ElementsSteps - Clicking on card: Elements
18:01:43.610 [main]INFO  stepDefinition.ElementsSteps - I_click_on_MenuItem: Dynamic Properties
18:01:43.610 [main]INFO  Base.BasePage - Clicking on menu item: Dynamic Properties
18:01:49.594 [main]INFO  utility.DriverManager - WebDriver session quit successfully.
18:01:49.594 [main]INFO  hooks.Hooks - Test teardown completed. Browser closed.
18:01:50.712 [main]INFO  hooks.Hooks - Test setup completed with browser: chrome
18:02:01.547 [main]INFO  stepDefinition.ElementsSteps - I_am_on_the_DemoQA_homepage method
18:02:01.549 [main]INFO  stepDefinition.ElementsSteps - Clicking on card: Elements
18:02:01.882 [main]INFO  stepDefinition.ElementsSteps - I_click_on_MenuItem: Dynamic Properties
18:02:01.882 [main]INFO  Base.BasePage - Clicking on menu item: Dynamic Properties
18:02:02.151 [main]INFO  pages.DynamicProperties - Initial color: rgba(255, 255, 255, 1)
18:02:07.120 [main]INFO  pages.DynamicProperties - New color: rgba(252, 235, 236, 1)
18:02:07.430 [main]INFO  utility.DriverManager - WebDriver session quit successfully.
18:02:07.431 [main]INFO  hooks.Hooks - Test teardown completed. Browser closed.
18:02:08.393 [main]INFO  hooks.Hooks - Test setup completed with browser: chrome
18:02:11.270 [main]INFO  stepDefinition.ElementsSteps - I_am_on_the_DemoQA_homepage method
18:02:11.271 [main]INFO  stepDefinition.ElementsSteps - Clicking on card: Elements
18:02:11.621 [main]INFO  stepDefinition.ElementsSteps - I_click_on_MenuItem: Dynamic Properties
18:02:11.622 [main]INFO  Base.BasePage - Clicking on menu item: Dynamic Properties
18:02:12.264 [main]INFO  utility.DriverManager - WebDriver session quit successfully.
18:02:12.264 [main]INFO  hooks.Hooks - Test teardown completed. Browser closed.
18:04:09.328 [main]INFO  utility.ConfigReader - Loaded config.properties successfully.
18:04:10.943 [main]INFO  hooks.Hooks - Test setup completed with browser: chrome
18:04:13.857 [main]INFO  stepDefinition.ElementsSteps - I_am_on_the_DemoQA_homepage method
18:04:13.860 [main]INFO  stepDefinition.ElementsSteps - Clicking on card: Elements
18:04:14.155 [main]INFO  stepDefinition.ElementsSteps - I_click_on_MenuItem: Dynamic Properties
18:04:14.156 [main]INFO  Base.BasePage - Clicking on menu item: Dynamic Properties
18:04:20.131 [main]INFO  utility.DriverManager - WebDriver session quit successfully.
18:04:20.132 [main]INFO  hooks.Hooks - Test teardown completed. Browser closed.
18:04:21.157 [main]INFO  hooks.Hooks - Test setup completed with browser: chrome
18:04:24.243 [main]INFO  stepDefinition.ElementsSteps - I_am_on_the_DemoQA_homepage method
18:04:24.245 [main]INFO  stepDefinition.ElementsSteps - Clicking on card: Elements
18:04:24.545 [main]INFO  stepDefinition.ElementsSteps - I_click_on_MenuItem: Dynamic Properties
18:04:24.546 [main]INFO  Base.BasePage - Clicking on menu item: Dynamic Properties
18:04:24.941 [main]INFO  pages.DynamicProperties - Initial color: rgba(255, 255, 255, 1)
18:04:30.357 [main]INFO  pages.DynamicProperties - New color: rgba(220, 53, 69, 1)
18:04:30.665 [main]INFO  utility.DriverManager - WebDriver session quit successfully.
18:04:30.666 [main]INFO  hooks.Hooks - Test teardown completed. Browser closed.
18:04:31.730 [main]INFO  hooks.Hooks - Test setup completed with browser: chrome
18:04:34.987 [main]INFO  stepDefinition.ElementsSteps - I_am_on_the_DemoQA_homepage method
18:04:34.989 [main]INFO  stepDefinition.ElementsSteps - Clicking on card: Elements
18:04:35.352 [main]INFO  stepDefinition.ElementsSteps - I_click_on_MenuItem: Dynamic Properties
18:04:35.352 [main]INFO  Base.BasePage - Clicking on menu item: Dynamic Properties
18:04:35.943 [main]INFO  utility.DriverManager - WebDriver session quit successfully.
18:04:35.943 [main]INFO  hooks.Hooks - Test teardown completed. Browser closed.
18:08:51.379 [main]INFO  utility.ConfigReader - Loaded config.properties successfully.
18:08:53.156 [main]INFO  hooks.Hooks - Test setup completed with browser: chrome
18:08:56.044 [main]INFO  stepDefinition.ElementsSteps - I_am_on_the_DemoQA_homepage method
18:08:56.046 [main]INFO  stepDefinition.ElementsSteps - Clicking on card: Widgets
18:08:56.418 [main]INFO  stepDefinition.ElementsSteps - I_click_on_MenuItem: Tabs
18:08:56.418 [main]INFO  Base.BasePage - Clicking on menu item: Tabs
18:08:58.616 [main]INFO  utility.DriverManager - WebDriver session quit successfully.
18:08:58.617 [main]INFO  hooks.Hooks - Test teardown completed. Browser closed.
12:05:54.638 [main]INFO  utility.ConfigReader - Loaded config.properties successfully.
12:05:58.645 [main]INFO  hooks.Hooks - Test setup completed with browser: chrome
12:06:01.763 [main]INFO  stepDefinition.ElementsSteps - I_am_on_the_DemoQA_homepage method
12:06:01.773 [main]INFO  stepDefinition.ElementsSteps - Clicking on card: Alerts, Frame & Windows
12:06:02.102 [main]INFO  stepDefinition.ElementsSteps - I_click_on_MenuItem: Modal Dialogs
12:06:02.102 [main]INFO  Base.BasePage - Clicking on menu item: Modal Dialogs
12:06:02.867 [main]INFO  pages.Alerts_Windows_FramesPage - Opened modal: Small modal
12:06:03.286 [main]INFO  utility.DriverManager - WebDriver session quit successfully.
12:06:03.286 [main]INFO  hooks.Hooks - Test teardown completed. Browser closed.
12:14:48.511 [main]INFO  utility.ConfigReader - Loaded config.properties successfully.
12:14:50.169 [main]INFO  hooks.Hooks - Test setup completed with browser: chrome
12:14:53.282 [main]INFO  stepDefinition.ElementsSteps - I_am_on_the_DemoQA_homepage method
12:14:53.282 [main]INFO  stepDefinition.ElementsSteps - Clicking on card: Elements
12:14:53.492 [main]INFO  stepDefinition.ElementsSteps - I_click_on_MenuItem: Check Box
12:14:53.494 [main]INFO  Base.BasePage - Clicking on menu item: Check Box
12:14:53.748 [main]INFO  stepDefinition.ElementsSteps - I_click_on_ExpandAll_button method
12:14:53.970 [main]INFO  stepDefinition.ElementsSteps - Verifying tree structure: visible
12:14:53.997 [main]INFO  stepDefinition.ElementsSteps - I_click_on_CollapseAll_button method
12:14:54.225 [main]INFO  stepDefinition.ElementsSteps - Verifying tree structure: collapsed
12:14:54.242 [main]INFO  stepDefinition.ElementsSteps - true
12:14:54.489 [main]INFO  utility.DriverManager - WebDriver session quit successfully.
12:14:54.489 [main]INFO  hooks.Hooks - Test teardown completed. Browser closed.
12:18:20.879 [main]INFO  utility.ConfigReader - Loaded config.properties successfully.
12:18:22.481 [main]INFO  hooks.Hooks - Test setup completed with browser: chrome
12:18:25.601 [main]INFO  stepDefinition.ElementsSteps - I_am_on_the_DemoQA_homepage method
12:18:25.601 [main]INFO  stepDefinition.ElementsSteps - Clicking on card: Elements
12:18:25.995 [main]INFO  stepDefinition.ElementsSteps - I_click_on_MenuItem: Check Box
12:18:25.998 [main]INFO  Base.BasePage - Clicking on menu item: Check Box
12:18:26.324 [main]INFO  stepDefinition.ElementsSteps - I_click_on_ExpandAll_button method
12:18:26.705 [main]INFO  stepDefinition.ElementsSteps - Verifying tree structure: visible
12:18:26.731 [main]INFO  stepDefinition.ElementsSteps - I_click_on_CollapseAll_button method
12:18:27.546 [main]INFO  stepDefinition.ElementsSteps - Verifying tree structure: collapsed
12:18:27.575 [main]INFO  stepDefinition.ElementsSteps - true
12:18:28.050 [main]INFO  utility.DriverManager - WebDriver session quit successfully.
12:18:28.050 [main]INFO  hooks.Hooks - Test teardown completed. Browser closed.
12:18:29.417 [main]INFO  hooks.Hooks - Test setup completed with browser: chrome
12:18:31.964 [main]INFO  stepDefinition.ElementsSteps - I_am_on_the_DemoQA_homepage method
12:18:31.972 [main]INFO  stepDefinition.ElementsSteps - Clicking on card: Elements
12:18:32.273 [main]INFO  stepDefinition.ElementsSteps - I_click_on_MenuItem: Check Box
12:18:32.274 [main]INFO  Base.BasePage - Clicking on menu item: Check Box
12:18:32.601 [main]INFO  stepDefinition.ElementsSteps - I_click_on_ExpandAll_button method
12:18:32.985 [main]INFO  stepDefinition.ElementsSteps - I_select_the_checkbox: Notes
12:18:33.469 [main]INFO  pages.CheckBoxPage - WebElement - [[ChromeDriver: chrome on windows (da918ccf06a660d9f1f54538faa99cac)] -> xpath: //span[@class='rct-title' and text()='Notes']]
12:18:35.592 [main]INFO  stepDefinition.ElementsSteps - Validating success message: You have selected : notes
12:18:35.944 [main]INFO  utility.DriverManager - WebDriver session quit successfully.
12:18:35.944 [main]INFO  hooks.Hooks - Test teardown completed. Browser closed.
12:18:36.828 [main]INFO  hooks.Hooks - Test setup completed with browser: chrome
12:18:39.702 [main]INFO  stepDefinition.ElementsSteps - I_am_on_the_DemoQA_homepage method
12:18:39.702 [main]INFO  stepDefinition.ElementsSteps - Clicking on card: Elements
12:18:39.966 [main]INFO  stepDefinition.ElementsSteps - I_click_on_MenuItem: Check Box
12:18:39.966 [main]INFO  Base.BasePage - Clicking on menu item: Check Box
12:18:40.206 [main]INFO  stepDefinition.ElementsSteps - I_click_on_ExpandAll_button method
12:18:40.650 [main]INFO  stepDefinition.ElementsSteps - I_Select_the_following_checkboxes:       | Desktop   |
      | Downloads |

12:18:40.650 [main]INFO  pages.CheckBoxPage - Selecting checkbox: Desktop
12:18:41.059 [main]INFO  pages.CheckBoxPage - Selecting checkbox: Downloads
12:18:41.259 [main]INFO  stepDefinition.ElementsSteps - Validating success message: You have selected : desktop notes commands downloads wordFile excelFile
12:18:41.613 [main]INFO  utility.DriverManager - WebDriver session quit successfully.
12:18:41.613 [main]INFO  hooks.Hooks - Test teardown completed. Browser closed.
12:18:42.527 [main]INFO  hooks.Hooks - Test setup completed with browser: chrome
12:18:45.211 [main]INFO  stepDefinition.ElementsSteps - I_am_on_the_DemoQA_homepage method
12:18:45.211 [main]INFO  stepDefinition.ElementsSteps - Clicking on card: Elements
12:18:45.508 [main]INFO  stepDefinition.ElementsSteps - I_click_on_MenuItem: Check Box
12:18:45.508 [main]INFO  Base.BasePage - Clicking on menu item: Check Box
12:18:45.750 [main]INFO  stepDefinition.ElementsSteps - I_select_the_checkbox: Home
12:18:45.831 [main]INFO  pages.CheckBoxPage - WebElement - [[ChromeDriver: chrome on windows (cc0621145691287686e1c02345bcbae2)] -> xpath: //span[@class='rct-title' and text()='Home']]
12:18:48.051 [main]INFO  stepDefinition.ElementsSteps - Validating success message: You have selected : home desktop notes commands documents workspace react angular veu office public private classified general downloads wordFile excelFile
12:18:48.398 [main]INFO  utility.DriverManager - WebDriver session quit successfully.
12:18:48.398 [main]INFO  hooks.Hooks - Test teardown completed. Browser closed.
12:19:24.501 [main]INFO  utility.ConfigReader - Loaded config.properties successfully.
12:19:26.187 [main]INFO  hooks.Hooks - Test setup completed with browser: chrome
12:19:29.032 [main]INFO  stepDefinition.ElementsSteps - I_am_on_the_DemoQA_homepage method
12:19:29.037 [main]INFO  stepDefinition.ElementsSteps - Clicking on card: Elements
12:19:29.393 [main]INFO  stepDefinition.ElementsSteps - I_click_on_MenuItem: Check Box
12:19:29.395 [main]INFO  Base.BasePage - Clicking on menu item: Check Box
12:19:29.678 [main]INFO  stepDefinition.ElementsSteps - I_select_the_checkbox: Home
12:19:29.748 [main]INFO  pages.CheckBoxPage - WebElement - [[ChromeDriver: chrome on windows (6713b0ef1eaf6573bf5cd443f88a9333)] -> xpath: //span[@class='rct-title' and text()='Home']]
12:19:32.060 [main]INFO  stepDefinition.ElementsSteps - Validating success message: You have selected : home desktop notes commands documents workspace react angular veu office public private classified general downloads wordFile excelFile
12:19:32.774 [main]INFO  utility.DriverManager - WebDriver session quit successfully.
12:19:32.774 [main]INFO  hooks.Hooks - Test teardown completed. Browser closed.
12:20:02.628 [main]INFO  utility.ConfigReader - Loaded config.properties successfully.
12:20:04.369 [main]INFO  hooks.Hooks - Test setup completed with browser: chrome
12:20:07.327 [main]INFO  stepDefinition.ElementsSteps - I_am_on_the_DemoQA_homepage method
12:20:07.327 [main]INFO  stepDefinition.ElementsSteps - Clicking on card: Elements
12:20:07.732 [main]INFO  stepDefinition.ElementsSteps - I_click_on_MenuItem: Check Box
12:20:07.732 [main]INFO  Base.BasePage - Clicking on menu item: Check Box
12:20:07.930 [main]INFO  stepDefinition.ElementsSteps - I_click_on_ExpandAll_button method
12:20:08.166 [main]INFO  stepDefinition.ElementsSteps - Verifying tree structure: visible
12:20:08.199 [main]INFO  stepDefinition.ElementsSteps - I_click_on_CollapseAll_button method
12:20:08.351 [main]INFO  stepDefinition.ElementsSteps - Verifying tree structure: collapsed
12:20:08.372 [main]INFO  stepDefinition.ElementsSteps - true
12:20:08.663 [main]INFO  utility.DriverManager - WebDriver session quit successfully.
12:20:08.663 [main]INFO  hooks.Hooks - Test teardown completed. Browser closed.
12:20:09.657 [main]INFO  hooks.Hooks - Test setup completed with browser: chrome
12:20:12.395 [main]INFO  stepDefinition.ElementsSteps - I_am_on_the_DemoQA_homepage method
12:20:12.395 [main]INFO  stepDefinition.ElementsSteps - Clicking on card: Elements
12:20:12.674 [main]INFO  stepDefinition.ElementsSteps - I_click_on_MenuItem: Check Box
12:20:12.675 [main]INFO  Base.BasePage - Clicking on menu item: Check Box
12:20:12.962 [main]INFO  stepDefinition.ElementsSteps - I_click_on_ExpandAll_button method
12:20:13.298 [main]INFO  stepDefinition.ElementsSteps - I_select_the_checkbox: Notes
12:20:13.469 [main]INFO  pages.CheckBoxPage - WebElement - [[ChromeDriver: chrome on windows (bdc1f886458d70e0790cb6c6272b766c)] -> xpath: //span[@class='rct-title' and text()='Notes']]
12:20:15.756 [main]INFO  stepDefinition.ElementsSteps - Validating success message: You have selected : notes
12:20:16.128 [main]INFO  utility.DriverManager - WebDriver session quit successfully.
12:20:16.128 [main]INFO  hooks.Hooks - Test teardown completed. Browser closed.
12:20:17.074 [main]INFO  hooks.Hooks - Test setup completed with browser: chrome
12:20:20.201 [main]INFO  stepDefinition.ElementsSteps - I_am_on_the_DemoQA_homepage method
12:20:20.201 [main]INFO  stepDefinition.ElementsSteps - Clicking on card: Elements
12:20:20.614 [main]INFO  stepDefinition.ElementsSteps - I_click_on_MenuItem: Check Box
12:20:20.614 [main]INFO  Base.BasePage - Clicking on menu item: Check Box
12:20:21.000 [main]INFO  stepDefinition.ElementsSteps - I_click_on_ExpandAll_button method
12:20:21.371 [main]INFO  stepDefinition.ElementsSteps - I_Select_the_following_checkboxes:       | Desktop   |
      | Downloads |

12:20:21.371 [main]INFO  pages.CheckBoxPage - Selecting checkbox: Desktop
12:20:21.866 [main]INFO  pages.CheckBoxPage - Selecting checkbox: Downloads
12:20:22.103 [main]INFO  stepDefinition.ElementsSteps - Validating success message: You have selected : desktop notes commands downloads wordFile excelFile
12:20:22.604 [main]INFO  utility.DriverManager - WebDriver session quit successfully.
12:20:22.604 [main]INFO  hooks.Hooks - Test teardown completed. Browser closed.
12:20:23.489 [main]INFO  hooks.Hooks - Test setup completed with browser: chrome
12:20:26.326 [main]INFO  stepDefinition.ElementsSteps - I_am_on_the_DemoQA_homepage method
12:20:26.328 [main]INFO  stepDefinition.ElementsSteps - Clicking on card: Elements
12:20:26.638 [main]INFO  stepDefinition.ElementsSteps - I_click_on_MenuItem: Check Box
12:20:26.638 [main]INFO  Base.BasePage - Clicking on menu item: Check Box
12:20:26.874 [main]INFO  stepDefinition.ElementsSteps - I_select_the_checkbox: Home
12:20:26.996 [main]INFO  pages.CheckBoxPage - WebElement - [[ChromeDriver: chrome on windows (841ffd3071deaa2d11120fa2d6deb6e3)] -> xpath: //span[@class='rct-title' and text()='Home']]
12:20:29.319 [main]INFO  stepDefinition.ElementsSteps - Validating success message: You have selected : home desktop notes commands documents workspace react angular veu office public private classified general downloads wordFile excelFile
12:20:30.119 [main]INFO  utility.DriverManager - WebDriver session quit successfully.
12:20:30.119 [main]INFO  hooks.Hooks - Test teardown completed. Browser closed.
12:27:54.008 [main]INFO  utility.ConfigReader - Loaded config.properties successfully.
12:27:55.541 [main]INFO  hooks.Hooks - Test setup completed with browser: chrome
12:27:58.492 [main]INFO  stepDefinition.ElementsSteps - I_am_on_the_DemoQA_homepage method
12:27:58.496 [main]INFO  stepDefinition.ElementsSteps - Clicking on card: Elements
12:27:58.701 [main]INFO  stepDefinition.ElementsSteps - I_click_on_MenuItem: Dynamic Properties
12:27:58.701 [main]INFO  Base.BasePage - Clicking on menu item: Dynamic Properties
12:28:04.762 [main]INFO  utility.DriverManager - WebDriver session quit successfully.
12:28:04.762 [main]INFO  hooks.Hooks - Test teardown completed. Browser closed.
12:28:05.844 [main]INFO  hooks.Hooks - Test setup completed with browser: chrome
12:28:08.587 [main]INFO  stepDefinition.ElementsSteps - I_am_on_the_DemoQA_homepage method
12:28:08.587 [main]INFO  stepDefinition.ElementsSteps - Clicking on card: Elements
12:28:09.014 [main]INFO  stepDefinition.ElementsSteps - I_click_on_MenuItem: Dynamic Properties
12:28:09.014 [main]INFO  Base.BasePage - Clicking on menu item: Dynamic Properties
12:28:09.448 [main]INFO  pages.DynamicProperties - Initial color: rgba(255, 255, 255, 1)
12:28:14.417 [main]INFO  pages.DynamicProperties - New color: rgba(241, 173, 180, 1)
12:28:14.664 [main]INFO  utility.DriverManager - WebDriver session quit successfully.
12:28:14.664 [main]INFO  hooks.Hooks - Test teardown completed. Browser closed.
12:28:15.607 [main]INFO  hooks.Hooks - Test setup completed with browser: chrome
12:28:18.614 [main]INFO  stepDefinition.ElementsSteps - I_am_on_the_DemoQA_homepage method
12:28:18.614 [main]INFO  stepDefinition.ElementsSteps - Clicking on card: Elements
12:28:18.942 [main]INFO  stepDefinition.ElementsSteps - I_click_on_MenuItem: Dynamic Properties
12:28:18.942 [main]INFO  Base.BasePage - Clicking on menu item: Dynamic Properties
12:28:19.515 [main]INFO  utility.DriverManager - WebDriver session quit successfully.
12:28:19.515 [main]INFO  hooks.Hooks - Test teardown completed. Browser closed.
12:29:39.471 [main]INFO  utility.ConfigReader - Loaded config.properties successfully.
12:29:41.185 [main]INFO  hooks.Hooks - Test setup completed with browser: chrome
12:29:45.799 [main]INFO  stepDefinition.ElementsSteps - I_am_on_the_DemoQA_homepage method
12:29:45.803 [main]INFO  stepDefinition.ElementsSteps - Clicking on card: Elements
12:29:46.214 [main]INFO  stepDefinition.ElementsSteps - I_click_on_MenuItem: Dynamic Properties
12:29:46.214 [main]INFO  Base.BasePage - Clicking on menu item: Dynamic Properties
12:29:47.010 [main]INFO  utility.DriverManager - WebDriver session quit successfully.
12:29:47.010 [main]INFO  hooks.Hooks - Test teardown completed. Browser closed.
12:30:46.752 [main]INFO  utility.ConfigReader - Loaded config.properties successfully.
12:30:48.462 [main]INFO  hooks.Hooks - Test setup completed with browser: chrome
12:30:51.342 [main]INFO  stepDefinition.ElementsSteps - I_am_on_the_DemoQA_homepage method
12:30:51.347 [main]INFO  stepDefinition.ElementsSteps - Clicking on card: Elements
12:30:51.626 [main]INFO  stepDefinition.ElementsSteps - I_click_on_MenuItem: Dynamic Properties
12:30:51.626 [main]INFO  Base.BasePage - Clicking on menu item: Dynamic Properties
12:32:21.140 [main]INFO  utility.DriverManager - WebDriver session quit successfully.
12:32:21.140 [main]INFO  hooks.Hooks - Test teardown completed. Browser closed.
12:45:07.892 [main]INFO  utility.ConfigReader - Loaded config.properties successfully.
12:45:09.512 [main]INFO  hooks.Hooks - Test setup completed with browser: chrome
12:45:12.143 [main]INFO  stepDefinition.ElementsSteps - I_am_on_the_DemoQA_homepage method
12:45:12.152 [main]INFO  stepDefinition.ElementsSteps - Clicking on card: Elements
12:45:12.470 [main]INFO  stepDefinition.ElementsSteps - I_click_on_MenuItem: Dynamic Properties
12:45:12.470 [main]INFO  Base.BasePage - Clicking on menu item: Dynamic Properties
12:45:13.081 [main]INFO  utility.DriverManager - WebDriver session quit successfully.
12:45:13.081 [main]INFO  hooks.Hooks - Test teardown completed. Browser closed.
12:51:31.518 [main]INFO  utility.ConfigReader - Loaded config.properties successfully.
12:51:33.154 [main]INFO  hooks.Hooks - Test setup completed with browser: chrome
12:51:36.099 [main]INFO  stepDefinition.ElementsSteps - I_am_on_the_DemoQA_homepage method
12:51:36.103 [main]INFO  stepDefinition.ElementsSteps - Clicking on card: Elements
12:51:36.526 [main]INFO  stepDefinition.ElementsSteps - I_click_on_MenuItem: Dynamic Properties
12:51:36.527 [main]INFO  Base.BasePage - Clicking on menu item: Dynamic Properties
12:51:37.234 [main]INFO  utility.DriverManager - WebDriver session quit successfully.
12:51:37.234 [main]INFO  hooks.Hooks - Test teardown completed. Browser closed.
12:52:22.182 [main]INFO  utility.ConfigReader - Loaded config.properties successfully.
12:52:23.908 [main]INFO  hooks.Hooks - Test setup completed with browser: chrome
12:52:27.141 [main]INFO  stepDefinition.ElementsSteps - I_am_on_the_DemoQA_homepage method
12:52:27.150 [main]INFO  stepDefinition.ElementsSteps - Clicking on card: Elements
12:52:27.504 [main]INFO  stepDefinition.ElementsSteps - I_click_on_MenuItem: Dynamic Properties
12:52:27.504 [main]INFO  Base.BasePage - Clicking on menu item: Dynamic Properties
12:52:33.428 [main]INFO  utility.DriverManager - WebDriver session quit successfully.
12:52:33.428 [main]INFO  hooks.Hooks - Test teardown completed. Browser closed.
12:55:22.074 [main]INFO  utility.ConfigReader - Loaded config.properties successfully.
12:55:23.842 [main]INFO  hooks.Hooks - Test setup completed with browser: chrome
12:55:23.878 [main]INFO  stepDefinition.ElementsSteps - I_am_on_the_DemoQA_homepage method
12:55:26.928 [main]INFO  stepDefinition.ElementsSteps - Clicking on card: Elements
12:55:27.330 [main]INFO  stepDefinition.ElementsSteps - I_click_on_MenuItem: Buttons
12:55:27.330 [main]INFO  Base.BasePage - Clicking on menu item: Buttons
12:55:27.631 [main]INFO  stepDefinition.ElementsSteps - I_click_on_button: Double Click Me
12:55:27.633 [main]INFO  pages.RadioButtonPage - click Button method:Double Click Me
12:55:28.407 [main]INFO  pages.RadioButtonPage - Expected: You have done a double click | Found: You have done a double click
12:55:28.407 [main]INFO  stepDefinition.ElementsSteps - Verifying message: You have done a double click
12:55:28.547 [main]INFO  pages.RadioButtonPage - Expected: You have done a double click | Found: You have done a double click
12:55:28.547 [main]INFO  stepDefinition.ElementsSteps - You have done a double click
12:55:28.556 [main]INFO  stepDefinition.ElementsSteps - I_click_on_button: Right Click Me
12:55:28.556 [main]INFO  pages.RadioButtonPage - click Button method:Right Click Me
12:55:29.044 [main]INFO  pages.RadioButtonPage - Expected: You have done a right click | Found: You have done a right click
12:55:29.046 [main]INFO  stepDefinition.ElementsSteps - Verifying message: You have done a right click
12:55:29.125 [main]INFO  pages.RadioButtonPage - Expected: You have done a right click | Found: You have done a right click
12:55:29.125 [main]INFO  stepDefinition.ElementsSteps - You have done a right click
12:55:29.125 [main]INFO  stepDefinition.ElementsSteps - I_click_on_button: Click Me
12:55:29.125 [main]INFO  pages.RadioButtonPage - click Button method:Click Me
12:55:29.379 [main]INFO  pages.RadioButtonPage - Expected: You have done a dynamic click | Found: You have done a dynamic click
12:55:29.379 [main]INFO  stepDefinition.ElementsSteps - Verifying message: You have done a dynamic click
12:55:29.457 [main]INFO  pages.RadioButtonPage - Expected: You have done a dynamic click | Found: You have done a dynamic click
12:55:29.457 [main]INFO  stepDefinition.ElementsSteps - You have done a dynamic click
12:55:30.049 [main]INFO  utility.DriverManager - WebDriver session quit successfully.
12:55:30.052 [main]INFO  hooks.Hooks - Test teardown completed. Browser closed.
12:59:59.498 [main]INFO  utility.ConfigReader - Loaded config.properties successfully.
13:00:08.051 [main]INFO  utility.ConfigReader - Loaded config.properties successfully.
13:00:09.691 [main]INFO  hooks.Hooks - Test setup completed with browser: chrome
13:00:09.718 [main]INFO  stepDefinition.ElementsSteps - I_am_on_the_DemoQA_homepage method
13:00:12.343 [main]INFO  stepDefinition.ElementsSteps - Clicking on card: Elements
13:00:12.650 [main]INFO  stepDefinition.ElementsSteps - I_click_on_MenuItem: Links
13:00:12.650 [main]INFO  pages.HomePage - Clicking on menu item: Links
13:00:12.918 [main]INFO  stepDefinition.ElementsSteps - I_click_on_the_link: Home
13:00:13.790 [main]INFO  stepDefinition.ElementsSteps - I_should_be_redirected_to: https://demoqa.com/
13:00:14.258 [main]INFO  utility.DriverManager - WebDriver session quit successfully.
13:00:14.258 [main]INFO  hooks.Hooks - Test teardown completed. Browser closed.
13:00:15.074 [main]INFO  hooks.Hooks - Test setup completed with browser: chrome
13:00:15.074 [main]INFO  stepDefinition.ElementsSteps - I_am_on_the_DemoQA_homepage method
13:00:17.884 [main]INFO  stepDefinition.ElementsSteps - Clicking on card: Elements
13:00:18.189 [main]INFO  stepDefinition.ElementsSteps - I_click_on_MenuItem: Links
13:00:18.189 [main]INFO  pages.HomePage - Clicking on menu item: Links
13:00:18.483 [main]INFO  stepDefinition.ElementsSteps - I_click_on_the_link: Created
13:00:18.849 [main]INFO  stepDefinition.ElementsSteps - I_should_see_the_API_response_message: 201 Created
13:00:19.216 [main]INFO  pages.LinksPage - getAPIResponseText method successful: Link has responded with staus 201 and status text Created
13:00:19.216 [main]INFO  stepDefinition.ElementsSteps - Actual message: Link has responded with staus 201 and status text Created
13:00:19.633 [main]INFO  utility.DriverManager - WebDriver session quit successfully.
13:00:19.634 [main]INFO  hooks.Hooks - Test teardown completed. Browser closed.
13:00:20.683 [main]INFO  hooks.Hooks - Test setup completed with browser: chrome
13:00:20.683 [main]INFO  stepDefinition.ElementsSteps - I_am_on_the_DemoQA_homepage method
13:00:24.059 [main]INFO  stepDefinition.ElementsSteps - Clicking on card: Elements
13:00:24.446 [main]INFO  stepDefinition.ElementsSteps - I_click_on_MenuItem: Links
13:00:24.446 [main]INFO  pages.HomePage - Clicking on menu item: Links
13:00:24.817 [main]INFO  stepDefinition.ElementsSteps - I_click_on_the_link: Forbidden
13:00:26.527 [main]INFO  utility.DriverManager - WebDriver session quit successfully.
13:00:26.527 [main]INFO  hooks.Hooks - Test teardown completed. Browser closed.
13:01:09.510 [main]INFO  utility.ConfigReader - Loaded config.properties successfully.
13:01:11.120 [main]INFO  hooks.Hooks - Test setup completed with browser: chrome
13:01:11.158 [main]INFO  stepDefinition.ElementsSteps - I_am_on_the_DemoQA_homepage method
13:01:13.762 [main]INFO  stepDefinition.ElementsSteps - Clicking on card: Elements
13:01:14.100 [main]INFO  stepDefinition.ElementsSteps - I_click_on_MenuItem: Links
13:01:14.103 [main]INFO  pages.HomePage - Clicking on menu item: Links
13:01:14.574 [main]INFO  utility.DriverManager - WebDriver session quit successfully.
13:01:14.574 [main]INFO  hooks.Hooks - Test teardown completed. Browser closed.
13:02:07.053 [main]INFO  utility.ConfigReader - Loaded config.properties successfully.
13:02:08.856 [main]INFO  hooks.Hooks - Test setup completed with browser: chrome
13:02:08.891 [main]INFO  stepDefinition.ElementsSteps - I_am_on_the_DemoQA_homepage method
13:02:11.789 [main]INFO  stepDefinition.ElementsSteps - Clicking on card: Elements
13:02:12.198 [main]INFO  stepDefinition.ElementsSteps - I_click_on_MenuItem: Links
13:02:12.198 [main]INFO  pages.HomePage - Clicking on menu item: Links
13:02:12.455 [main]INFO  stepDefinition.ElementsSteps - I_click_on_the_link: Forbidden
13:02:12.814 [main]INFO  stepDefinition.ElementsSteps - I_should_see_the_API_response_message: 403 Forbidden
13:02:13.576 [main]INFO  pages.LinksPage - getAPIResponseText method successful: Link has responded with staus 403 and status text Forbidden
13:02:13.576 [main]INFO  stepDefinition.ElementsSteps - Actual message: Link has responded with staus 403 and status text Forbidden
13:02:14.132 [main]INFO  utility.DriverManager - WebDriver session quit successfully.
13:02:14.132 [main]INFO  hooks.Hooks - Test teardown completed. Browser closed.
17:31:45.901 [main]INFO  utility.ConfigReader - Loaded config.properties successfully.
17:31:49.796 [main]INFO  hooks.Hooks - Test setup completed with browser: chrome
17:31:49.848 [main]INFO  stepDefinition.ElementsSteps - I_am_on_the_DemoQA_homepage method
17:31:52.935 [main]INFO  stepDefinition.ElementsSteps - Clicking on card: Alerts, Frame & Windows
17:31:53.315 [main]INFO  stepDefinition.ElementsSteps - I_click_on_MenuItem: Alerts
17:31:53.316 [main]INFO  pages.HomePage - Clicking on menu item: Alerts
17:31:53.882 [main]INFO  pages.Alerts_Windows_FramesPage - Alert message: You clicked a button
17:31:54.166 [main]INFO  utility.DriverManager - WebDriver session quit successfully.
17:31:54.166 [main]INFO  hooks.Hooks - Test teardown completed. Browser closed.
17:31:55.020 [main]INFO  hooks.Hooks - Test setup completed with browser: chrome
17:31:55.020 [main]INFO  stepDefinition.ElementsSteps - I_am_on_the_DemoQA_homepage method
17:31:57.765 [main]INFO  stepDefinition.ElementsSteps - Clicking on card: Alerts, Frame & Windows
17:31:58.053 [main]INFO  stepDefinition.ElementsSteps - I_click_on_MenuItem: Alerts
17:31:58.053 [main]INFO  pages.HomePage - Clicking on menu item: Alerts
17:32:03.756 [main]INFO  pages.Alerts_Windows_FramesPage - Alert message: This alert appeared after 5 seconds
17:32:04.060 [main]INFO  utility.DriverManager - WebDriver session quit successfully.
17:32:04.060 [main]INFO  hooks.Hooks - Test teardown completed. Browser closed.
17:32:05.069 [main]INFO  hooks.Hooks - Test setup completed with browser: chrome
17:32:05.070 [main]INFO  stepDefinition.ElementsSteps - I_am_on_the_DemoQA_homepage method
17:32:08.150 [main]INFO  stepDefinition.ElementsSteps - Clicking on card: Alerts, Frame & Windows
17:32:08.459 [main]INFO  stepDefinition.ElementsSteps - I_click_on_MenuItem: Alerts
17:32:08.459 [main]INFO  pages.HomePage - Clicking on menu item: Alerts
17:32:08.996 [main]INFO  pages.Alerts_Windows_FramesPage - Alert message: Do you confirm action?
17:32:09.488 [main]INFO  pages.Alerts_Windows_FramesPage - Alert message: Do you confirm action?
17:32:09.969 [main]INFO  utility.DriverManager - WebDriver session quit successfully.
17:32:09.969 [main]INFO  hooks.Hooks - Test teardown completed. Browser closed.
17:32:10.894 [main]INFO  hooks.Hooks - Test setup completed with browser: chrome
17:32:10.895 [main]INFO  stepDefinition.ElementsSteps - I_am_on_the_DemoQA_homepage method
17:32:13.709 [main]INFO  stepDefinition.ElementsSteps - Clicking on card: Alerts, Frame & Windows
17:32:14.035 [main]INFO  stepDefinition.ElementsSteps - I_click_on_MenuItem: Alerts
17:32:14.036 [main]INFO  pages.HomePage - Clicking on menu item: Alerts
17:32:14.578 [main]INFO  pages.Alerts_Windows_FramesPage - Alert message: Please enter your name
17:32:14.582 [main]INFO  pages.Alerts_Windows_FramesPage - DemoQA User
17:32:14.945 [main]INFO  utility.DriverManager - WebDriver session quit successfully.
17:32:14.945 [main]INFO  hooks.Hooks - Test teardown completed. Browser closed.
12:48:00.523 [main]INFO  utility.ConfigReader - Loaded config.properties successfully.
12:48:04.351 [main]INFO  hooks.Hooks - Test setup completed with browser: chrome
12:48:04.392 [main]INFO  stepDefinition.ElementsSteps - I_am_on_the_DemoQA_homepage method
12:48:07.187 [main]INFO  stepDefinition.ElementsSteps - Clicking on card: Widgets
12:48:07.591 [main]INFO  stepDefinition.ElementsSteps - I_click_on_MenuItem: Accordian
12:48:07.592 [main]INFO  pages.HomePage - Clicking on menu item: Accordian
12:48:07.947 [main]INFO  utility.DriverManager - WebDriver session quit successfully.
12:48:07.947 [main]INFO  hooks.Hooks - Test teardown completed. Browser closed.
12:49:06.524 [main]INFO  utility.ConfigReader - Loaded config.properties successfully.
12:49:08.285 [main]INFO  hooks.Hooks - Test setup completed with browser: chrome
12:49:08.332 [main]INFO  stepDefinition.ElementsSteps - I_am_on_the_DemoQA_homepage method
12:49:11.842 [main]INFO  stepDefinition.ElementsSteps - Clicking on card: Widgets
12:49:12.178 [main]INFO  stepDefinition.ElementsSteps - I_click_on_MenuItem: Progress Bar
12:49:12.179 [main]INFO  pages.HomePage - Clicking on menu item: Progress Bar
12:49:12.447 [main]INFO  utility.DriverManager - WebDriver session quit successfully.
12:49:12.448 [main]INFO  hooks.Hooks - Test teardown completed. Browser closed.
13:03:19.957 [main]INFO  utility.ConfigReader - Loaded config.properties successfully.
13:03:21.724 [main]INFO  hooks.Hooks - Test setup completed with browser: chrome
13:03:21.774 [main]INFO  stepDefinition.ElementsSteps - I_am_on_the_DemoQA_homepage method
13:03:24.307 [main]INFO  stepDefinition.ElementsSteps - Clicking on card: Widgets
13:03:24.641 [main]INFO  stepDefinition.ElementsSteps - I_click_on_MenuItem: Progress Bar
13:03:24.642 [main]INFO  pages.HomePage - Clicking on menu item: Progress Bar | XPath: //*[@class='menu-list']/li/*[text()='Progress Bar']
13:03:24.951 [main]INFO  utility.DriverManager - WebDriver session quit successfully.
13:03:24.953 [main]INFO  hooks.Hooks - Test teardown completed. Browser closed.
13:06:01.788 [main]INFO  utility.ConfigReader - Loaded config.properties successfully.
13:06:03.379 [main]INFO  hooks.Hooks - Test setup completed with browser: chrome
13:06:03.426 [main]INFO  stepDefinition.ElementsSteps - I_am_on_the_DemoQA_homepage method
13:06:06.708 [main]INFO  stepDefinition.ElementsSteps - Clicking on card: Widgets
13:06:07.070 [main]INFO  stepDefinition.ElementsSteps - I_click_on_MenuItem: Progress Bar
13:06:07.071 [main]INFO  pages.HomePage - Clicking on menu item: Progress Bar | XPath: //*[@class='menu-list']/li/*[text()='Progress Bar']
13:06:07.422 [main]INFO  utility.DriverManager - WebDriver session quit successfully.
13:06:07.422 [main]INFO  hooks.Hooks - Test teardown completed. Browser closed.
13:09:52.869 [main]INFO  utility.ConfigReader - Loaded config.properties successfully.
13:09:54.588 [main]INFO  hooks.Hooks - Test setup completed with browser: chrome
13:09:54.626 [main]INFO  stepDefinition.ElementsSteps - I_am_on_the_DemoQA_homepage method
13:09:57.786 [main]INFO  stepDefinition.ElementsSteps - Clicking on card: Widgets
13:09:58.115 [main]INFO  stepDefinition.ElementsSteps - I_click_on_MenuItem: Progress Bar
13:09:58.116 [main]INFO  pages.HomePage - Clicking on menu item: Progress Bar | XPath: //*[@class='menu-list']/li/*[text()='Progress Bar']
13:09:58.465 [main]INFO  utility.DriverManager - WebDriver session quit successfully.
13:09:58.465 [main]INFO  hooks.Hooks - Test teardown completed. Browser closed.
13:12:38.933 [main]INFO  utility.ConfigReader - Loaded config.properties successfully.
13:12:40.413 [main]INFO  hooks.Hooks - Test setup completed with browser: chrome
13:12:40.442 [main]INFO  stepDefinition.ElementsSteps - I_am_on_the_DemoQA_homepage method
13:12:44.352 [main]INFO  stepDefinition.ElementsSteps - Clicking on card: Widgets
13:12:44.713 [main]INFO  stepDefinition.ElementsSteps - I_click_on_MenuItem: Progress Bar
13:12:44.713 [main]INFO  pages.HomePage - Clicking on menu item: Progress Bar | XPath: //*[@class='menu-list']/li/*[text()='Progress Bar']
13:12:45.055 [main]INFO  utility.DriverManager - WebDriver session quit successfully.
13:12:45.055 [main]INFO  hooks.Hooks - Test teardown completed. Browser closed.
13:14:59.550 [main]INFO  utility.ConfigReader - Loaded config.properties successfully.
13:15:01.225 [main]INFO  hooks.Hooks - Test setup completed with browser: chrome
13:15:01.249 [main]INFO  stepDefinition.ElementsSteps - I_am_on_the_DemoQA_homepage method
13:15:04.623 [main]INFO  stepDefinition.ElementsSteps - Clicking on card: Widgets
13:15:04.965 [main]INFO  stepDefinition.ElementsSteps - I_click_on_MenuItem: Progress Bar
13:15:04.965 [main]INFO  pages.HomePage - Clicking on menu item: Progress Bar | XPath: //*[@class='menu-list']/li/*[text()='Progress Bar']
13:15:05.305 [main]INFO  utility.DriverManager - WebDriver session quit successfully.
13:15:05.305 [main]INFO  hooks.Hooks - Test teardown completed. Browser closed.
13:16:40.194 [main]INFO  utility.ConfigReader - Loaded config.properties successfully.
13:16:41.788 [main]INFO  hooks.Hooks - Test setup completed with browser: chrome
13:16:41.818 [main]INFO  stepDefinition.ElementsSteps - I_am_on_the_DemoQA_homepage method
13:16:45.019 [main]INFO  stepDefinition.ElementsSteps - Clicking on card: Widgets
13:16:45.390 [main]INFO  stepDefinition.ElementsSteps - I_click_on_MenuItem: Progress Bar
13:16:45.395 [main]INFO  pages.HomePage - Clicking on menu item: Progress Bar | XPath: //*[@class='menu-list']/li/*[text()='Progress Bar']
13:17:02.027 [main]INFO  stepDefinition.WidgetsSteps - i_get_progress_bar_value: 52%
13:17:02.337 [main]INFO  utility.DriverManager - WebDriver session quit successfully.
13:17:02.337 [main]INFO  hooks.Hooks - Test teardown completed. Browser closed.
13:17:11.874 [main]INFO  utility.ConfigReader - Loaded config.properties successfully.
13:17:13.558 [main]INFO  hooks.Hooks - Test setup completed with browser: chrome
13:17:13.608 [main]INFO  stepDefinition.ElementsSteps - I_am_on_the_DemoQA_homepage method
13:17:16.589 [main]INFO  stepDefinition.ElementsSteps - Clicking on card: Widgets
13:17:16.939 [main]INFO  stepDefinition.ElementsSteps - I_click_on_MenuItem: Accordian
13:17:16.939 [main]INFO  pages.HomePage - Clicking on menu item: Accordian | XPath: //*[@class='menu-list']/li/*[text()='Accordian']
13:17:19.819 [main]INFO  utility.DriverManager - WebDriver session quit successfully.
13:17:19.819 [main]INFO  hooks.Hooks - Test teardown completed. Browser closed.
13:17:27.676 [main]INFO  utility.ConfigReader - Loaded config.properties successfully.
13:17:29.340 [main]INFO  hooks.Hooks - Test setup completed with browser: chrome
13:17:29.381 [main]INFO  stepDefinition.ElementsSteps - I_am_on_the_DemoQA_homepage method
13:17:33.143 [main]INFO  stepDefinition.ElementsSteps - Clicking on card: Widgets
13:17:33.443 [main]INFO  stepDefinition.ElementsSteps - I_click_on_MenuItem: Slider
13:17:33.444 [main]INFO  pages.HomePage - Clicking on menu item: Slider | XPath: //*[@class='menu-list']/li/*[text()='Slider']
13:17:33.803 [main]INFO  pages.WidgetsPage - Slider found: [[ChromeDriver: chrome on windows (35a301ccfd61072b88d778cbbb2a2860)] -> xpath: //*[@type='range']]
13:17:33.839 [main]INFO  pages.WidgetsPage - Initial slider value: 25
13:17:33.854 [main]INFO  pages.WidgetsPage - Min value: 0
13:17:33.866 [main]INFO  pages.WidgetsPage - Max value: 100
13:17:33.874 [main]INFO  pages.WidgetsPage - Attempted to set slider value to: 50
13:17:34.909 [main]INFO  pages.WidgetsPage - Slider value successfully updated to: 50
13:17:35.275 [main]INFO  utility.DriverManager - WebDriver session quit successfully.
13:17:35.275 [main]INFO  hooks.Hooks - Test teardown completed. Browser closed.
13:17:44.193 [main]INFO  utility.ConfigReader - Loaded config.properties successfully.
13:17:45.871 [main]INFO  hooks.Hooks - Test setup completed with browser: chrome
13:17:45.919 [main]INFO  stepDefinition.ElementsSteps - I_am_on_the_DemoQA_homepage method
13:17:48.542 [main]INFO  stepDefinition.ElementsSteps - Clicking on card: Widgets
13:17:48.903 [main]INFO  stepDefinition.ElementsSteps - I_click_on_MenuItem: Tabs
13:17:48.903 [main]INFO  pages.HomePage - Clicking on menu item: Tabs | XPath: //*[@class='menu-list']/li/*[text()='Tabs']
13:17:50.803 [main]INFO  pages.WidgetsPage - isMoreButtonDisabled
13:17:50.898 [main]INFO  pages.WidgetsPage - true
13:17:51.375 [main]INFO  utility.DriverManager - WebDriver session quit successfully.
13:17:51.375 [main]INFO  hooks.Hooks - Test teardown completed. Browser closed.
13:24:09.029 [main]INFO  utility.ConfigReader - Loaded config.properties successfully.
13:24:10.677 [main]INFO  hooks.Hooks - Test setup completed with browser: chrome
13:24:10.718 [main]INFO  stepDefinition.ElementsSteps - I_am_on_the_DemoQA_homepage method
13:24:16.612 [main]INFO  stepDefinition.ElementsSteps - Clicking on card: Forms
13:24:16.916 [main]INFO  stepDefinition.ElementsSteps - I_click_on_MenuItem: Practice Form
13:24:16.916 [main]INFO  pages.HomePage - Clicking on menu item: Practice Form | XPath: //*[@class='menu-list']/li/*[text()='Practice Form']
13:24:21.751 [main]INFO  pages.PracticeFormPage - Form submitted successfully, confirmation details displayed.
13:24:22.220 [main]INFO  utility.DriverManager - WebDriver session quit successfully.
13:24:22.220 [main]INFO  hooks.Hooks - Test teardown completed. Browser closed.
